kernel_name = _Z11ConvolutionPfS_S_iiiiii 
kernel_launch_uid = 1 

Kernel Average Power Data:
kernel_avg_power = 79.7972
gpu_avg_IBP, = 0.0272169
gpu_avg_ICP, = 0.281141
gpu_avg_DCP, = 12.4572
gpu_avg_TCP, = 0
gpu_avg_CCP, = 0.266632
gpu_avg_SHRDP, = 3.35097
gpu_avg_RFP, = 11.8711
gpu_avg_SPP, = 3.74205
gpu_avg_SFUP, = 1.98028
gpu_avg_FPUP, = 1.40707
gpu_avg_SCHEDP, = 0.398187
gpu_avg_L2CP, = 1.09262
gpu_avg_MCP, = 4.5117
gpu_avg_NOCP, = 7.78835
gpu_avg_DRAMP, = 11.2442
gpu_avg_PIPEP, = 9.1195
gpu_avg_IDLE_COREP, = 0.435327
gpu_avg_CONST_DYNAMICP = 9.82366
gpu_avg_TOT_INST, = 5379.11
gpu_avg_FP_INT, = 5181.66
gpu_avg_IC_H, = 2700.62
gpu_avg_IC_M, = 13.6
gpu_avg_DC_RH, = 2547.89
gpu_avg_DC_RM, = 90.0524
gpu_avg_DC_WH, = 0
gpu_avg_DC_WM, = 1208.52
gpu_avg_TC_H, = 0
gpu_avg_TC_M, = 0
gpu_avg_CC_H, = 145.829
gpu_avg_CC_M, = 2.28571
gpu_avg_SHRD_ACC, = 1129.32
gpu_avg_REG_RD, = 240617
gpu_avg_REG_WR, = 140317
gpu_avg_NON_REG_OPs, = 111135
gpu_avg_SP_ACC, = 991880
gpu_avg_SFU_ACC, = 29254.1
gpu_avg_FPU_ACC, = 33977.5
gpu_avg_MEM_RD, = 311.152
gpu_avg_MEM_WR, = 0
gpu_avg_MEM_PRE, = 18.1571
gpu_avg_L2_RH, = 51.4857
gpu_avg_L2_RM, = 77.7905
gpu_avg_L2_WH, = 0
gpu_avg_L2_WM, = 41.8048
gpu_avg_NOC_A, = 2869.68
gpu_avg_PIPE_A, = 0.358165
gpu_avg_IDLE_CORE_N, = 0.27379
gpu_avg_CONST_DYNAMICN = 0

Kernel Maximum Power Data:
kernel_max_power = 111.157
gpu_max_IBP, = 0.0333387
gpu_max_ICP, = 0.292623
gpu_max_DCP, = 15.8701
gpu_max_TCP, = 0
gpu_max_CCP, = 0.594922
gpu_max_SHRDP, = 2.18686
gpu_max_RFP, = 14.6487
gpu_max_SPP, = 8.10167
gpu_max_SFUP, = 3.99224
gpu_max_FPUP, = 0.970695
gpu_max_SCHEDP, = 0.482667
gpu_max_L2CP, = 0.6228
gpu_max_MCP, = 5.33484
gpu_max_NOCP, = 3.99231
gpu_max_DRAMP, = 33.278
gpu_max_PIPEP, = 10.9248
gpu_max_IDLE_COREP, = 0.00635954
gpu_max_CONST_DYNAMICP = 9.82366
gpu_max_TOT_INST, = 6589
gpu_max_FP_INT, = 6281
gpu_max_IC_H, = 3295
gpu_max_IC_M, = 0
gpu_max_DC_RH, = 4152
gpu_max_DC_RM, = 224
gpu_max_DC_WH, = 0
gpu_max_DC_WM, = 112
gpu_max_TC_H, = 0
gpu_max_TC_M, = 0
gpu_max_CC_H, = 329
gpu_max_CC_M, = 0
gpu_max_SHRD_ACC, = 737
gpu_max_REG_RD, = 242752
gpu_max_REG_WR, = 203936
gpu_max_NON_REG_OPs, = 141088
gpu_max_SP_ACC, = 2.14746e+06
gpu_max_SFU_ACC, = 58976
gpu_max_FPU_ACC, = 23440
gpu_max_MEM_RD, = 921
gpu_max_MEM_WR, = 0
gpu_max_MEM_PRE, = 53
gpu_max_L2_RH, = 128
gpu_max_L2_RM, = 252
gpu_max_L2_WH, = 0
gpu_max_L2_WM, = 4
gpu_max_NOC_A, = 1471
gpu_max_PIPE_A, = 0.429066
gpu_max_IDLE_CORE_N, = 0.00399971
gpu_max_CONST_DYNAMICN = 0

Kernel Minimum Power Data:
kernel_min_power = 18.8178
gpu_min_IBP, = 0.00972483
gpu_min_ICP, = 1.57945
gpu_min_DCP, = 0
gpu_min_TCP, = 0
gpu_min_CCP, = 0.616134
gpu_min_SHRDP, = 0
gpu_min_RFP, = 2.30728
gpu_min_SPP, = 0.857637
gpu_min_SFUP, = 0.641184
gpu_min_FPUP, = 0.0490317
gpu_min_SCHEDP, = 0.144854
gpu_min_L2CP, = 0.243763
gpu_min_MCP, = 1.31557
gpu_min_NOCP, = 0.284971
gpu_min_DRAMP, = 0.143166
gpu_min_PIPEP, = 0.753668
gpu_min_IDLE_COREP, = 0.0476996
gpu_min_CONST_DYNAMICP = 9.82366
gpu_min_TOT_INST, = 1922
gpu_min_FP_INT, = 1885
gpu_min_IC_H, = 481
gpu_min_IC_M, = 506
gpu_min_DC_RH, = 0
gpu_min_DC_RM, = 0
gpu_min_DC_WH, = 0
gpu_min_DC_WM, = 0
gpu_min_TC_H, = 0
gpu_min_TC_M, = 0
gpu_min_CC_H, = 0
gpu_min_CC_M, = 480
gpu_min_SHRD_ACC, = 0
gpu_min_REG_RD, = 10656
gpu_min_REG_WR, = 13024
gpu_min_NON_REG_OPs, = 28160
gpu_min_SP_ACC, = 227328
gpu_min_SFU_ACC, = 9472
gpu_min_FPU_ACC, = 1184
gpu_min_MEM_RD, = 4
gpu_min_MEM_WR, = 0
gpu_min_MEM_PRE, = 0
gpu_min_L2_RH, = 62
gpu_min_L2_RM, = 2
gpu_min_L2_WH, = 0
gpu_min_L2_WM, = 0
gpu_min_NOC_A, = 105
gpu_min_PIPE_A, = 0.0296
gpu_min_IDLE_CORE_N, = 0.0299997
gpu_min_CONST_DYNAMICN = 0

Accumulative Power Statistics Over Previous Kernels:
gpu_tot_avg_power = 79.7972
gpu_tot_max_power = 111.157
gpu_tot_min_power = 18.8178


