kernel_name = _Z11ConvolutionPfS_S_iiiiii 
kernel_launch_uid = 1 

Kernel Average Power Data:
kernel_avg_power = 50.8738
gpu_avg_IBP, = 0.0140944
gpu_avg_ICP, = 0.553058
gpu_avg_DCP, = 6.32267
gpu_avg_TCP, = 0
gpu_avg_CCP, = 0.126284
gpu_avg_SHRDP, = 1.73762
gpu_avg_RFP, = 6.15502
gpu_avg_SPP, = 1.93326
gpu_avg_SFUP, = 1.01907
gpu_avg_FPUP, = 0.729645
gpu_avg_SCHEDP, = 0.206192
gpu_avg_L2CP, = 1.2372
gpu_avg_MCP, = 2.57859
gpu_avg_NOCP, = 4.07808
gpu_avg_DRAMP, = 0.061438
gpu_avg_PIPEP, = 4.72162
gpu_avg_IDLE_COREP, = 9.57625
gpu_avg_CONST_DYNAMICP = 9.82366
gpu_avg_TOT_INST, = 2785.6
gpu_avg_FP_INT, = 2683.2
gpu_avg_IC_H, = 1260.35
gpu_avg_IC_M, = 145.25
gpu_avg_DC_RH, = 1285.05
gpu_avg_DC_RM, = 43.75
gpu_avg_DC_WH, = 0
gpu_avg_DC_WM, = 627.2
gpu_avg_TC_H, = 0
gpu_avg_TC_M, = 0
gpu_avg_CC_H, = 52.8
gpu_avg_CC_M, = 24
gpu_avg_SHRD_ACC, = 585.6
gpu_avg_REG_RD, = 124595
gpu_avg_REG_WR, = 73600
gpu_avg_NON_REG_OPs, = 57548.8
gpu_avg_SP_ACC, = 512435
gpu_avg_SFU_ACC, = 15054.4
gpu_avg_FPU_ACC, = 17619.2
gpu_avg_MEM_RD, = 1.7
gpu_avg_MEM_WR, = 0
gpu_avg_MEM_PRE, = 0.1
gpu_avg_L2_RH, = 198.8
gpu_avg_L2_RM, = 0.45
gpu_avg_L2_WH, = 0
gpu_avg_L2_WM, = 21.7
gpu_avg_NOC_A, = 1502.6
gpu_avg_PIPE_A, = 0.18544
gpu_avg_IDLE_CORE_N, = 6.0228
gpu_avg_CONST_DYNAMICN = 0

Kernel Maximum Power Data:
kernel_max_power = 97.5488
gpu_max_IBP, = 0.0488164
gpu_max_ICP, = 1.20656
gpu_max_DCP, = 8.39285
gpu_max_TCP, = 0
gpu_max_CCP, = 1.73594
gpu_max_SHRDP, = 0.047476
gpu_max_RFP, = 22.8707
gpu_max_SPP, = 15.8412
gpu_max_SFUP, = 11.6301
gpu_max_FPUP, = 0.587055
gpu_max_SCHEDP, = 0.706133
gpu_max_L2CP, = 1.99509
gpu_max_MCP, = 2.67607
gpu_max_NOCP, = 2.05451
gpu_max_DRAMP, = 0.226599
gpu_max_PIPEP, = 17.7061
gpu_max_IDLE_COREP, = 0
gpu_max_CONST_DYNAMICP = 9.82366
gpu_max_TOT_INST, = 9648
gpu_max_FP_INT, = 9189
gpu_max_IC_H, = 4558
gpu_max_IC_M, = 264
gpu_max_DC_RH, = 1926
gpu_max_DC_RM, = 556
gpu_max_DC_WH, = 0
gpu_max_DC_WM, = 0
gpu_max_TC_H, = 0
gpu_max_TC_M, = 0
gpu_max_CC_H, = 960
gpu_max_CC_M, = 0
gpu_max_SHRD_ACC, = 16
gpu_max_REG_RD, = 285696
gpu_max_REG_WR, = 284224
gpu_max_NON_REG_OPs, = 236928
gpu_max_SP_ACC, = 4.19891e+06
gpu_max_SFU_ACC, = 171808
gpu_max_FPU_ACC, = 14176
gpu_max_MEM_RD, = 6
gpu_max_MEM_WR, = 0
gpu_max_MEM_PRE, = 2
gpu_max_L2_RH, = 508
gpu_max_L2_RM, = 1
gpu_max_L2_WH, = 0
gpu_max_L2_WM, = 0
gpu_max_NOC_A, = 757
gpu_max_PIPE_A, = 0.6954
gpu_max_IDLE_CORE_N, = 0
gpu_max_CONST_DYNAMICN = 0

Kernel Minimum Power Data:
kernel_min_power = 18.7211
gpu_min_IBP, = 0.00972483
gpu_min_ICP, = 1.51264
gpu_min_DCP, = 0
gpu_min_TCP, = 0
gpu_min_CCP, = 0.616134
gpu_min_SHRDP, = 0
gpu_min_RFP, = 2.30728
gpu_min_SPP, = 0.857637
gpu_min_SFUP, = 0.641184
gpu_min_FPUP, = 0.0490317
gpu_min_SCHEDP, = 0.144854
gpu_min_L2CP, = 0.243763
gpu_min_MCP, = 1.31557
gpu_min_NOCP, = 0.255117
gpu_min_DRAMP, = 0.143166
gpu_min_PIPEP, = 0.753668
gpu_min_IDLE_COREP, = 0.0476996
gpu_min_CONST_DYNAMICP = 9.82366
gpu_min_TOT_INST, = 1922
gpu_min_FP_INT, = 1885
gpu_min_IC_H, = 481
gpu_min_IC_M, = 484
gpu_min_DC_RH, = 0
gpu_min_DC_RM, = 0
gpu_min_DC_WH, = 0
gpu_min_DC_WM, = 0
gpu_min_TC_H, = 0
gpu_min_TC_M, = 0
gpu_min_CC_H, = 0
gpu_min_CC_M, = 480
gpu_min_SHRD_ACC, = 0
gpu_min_REG_RD, = 10656
gpu_min_REG_WR, = 13024
gpu_min_NON_REG_OPs, = 28160
gpu_min_SP_ACC, = 227328
gpu_min_SFU_ACC, = 9472
gpu_min_FPU_ACC, = 1184
gpu_min_MEM_RD, = 4
gpu_min_MEM_WR, = 0
gpu_min_MEM_PRE, = 0
gpu_min_L2_RH, = 62
gpu_min_L2_RM, = 2
gpu_min_L2_WH, = 0
gpu_min_L2_WM, = 0
gpu_min_NOC_A, = 94
gpu_min_PIPE_A, = 0.0296
gpu_min_IDLE_CORE_N, = 0.0299997
gpu_min_CONST_DYNAMICN = 0

Accumulative Power Statistics Over Previous Kernels:
gpu_tot_avg_power = 50.8738
gpu_tot_max_power = 97.5488
gpu_tot_min_power = 18.7211


