kernel_name = _Z11ConvolutionPfS_S_iiiiii 
kernel_launch_uid = 1 

Kernel Average Power Data:
kernel_avg_power = 63.3633
gpu_avg_IBP, = 0.0235075
gpu_avg_ICP, = 0.382875
gpu_avg_DCP, = 10.6746
gpu_avg_TCP, = 0
gpu_avg_CCP, = 0.226213
gpu_avg_SHRDP, = 2.89566
gpu_avg_RFP, = 10.2539
gpu_avg_SPP, = 3.2294
gpu_avg_SFUP, = 1.7058
gpu_avg_FPUP, = 1.21587
gpu_avg_SCHEDP, = 0.343916
gpu_avg_L2CP, = 1.97033
gpu_avg_MCP, = 3.52325
gpu_avg_NOCP, = 6.68094
gpu_avg_DRAMP, = 0.0255992
gpu_avg_PIPEP, = 7.87542
gpu_avg_IDLE_COREP, = 2.5124
gpu_avg_CONST_DYNAMICP = 9.82366
gpu_avg_TOT_INST, = 4645.98
gpu_avg_FP_INT, = 4475.42
gpu_avg_IC_H, = 2285.04
gpu_avg_IC_M, = 59.25
gpu_avg_DC_RH, = 2182.27
gpu_avg_DC_RM, = 73.9375
gpu_avg_DC_WH, = 0
gpu_avg_DC_WM, = 1040.38
gpu_avg_TC_H, = 0
gpu_avg_TC_M, = 0
gpu_avg_CC_H, = 118
gpu_avg_CC_M, = 10
gpu_avg_SHRD_ACC, = 975.875
gpu_avg_REG_RD, = 207809
gpu_avg_REG_WR, = 121301
gpu_avg_NON_REG_OPs, = 95988
gpu_avg_SP_ACC, = 855995
gpu_avg_SFU_ACC, = 25199.2
gpu_avg_FPU_ACC, = 29360.3
gpu_avg_MEM_RD, = 0.708333
gpu_avg_MEM_WR, = 0
gpu_avg_MEM_PRE, = 0.0416667
gpu_avg_L2_RH, = 305.667
gpu_avg_L2_RM, = 0.1875
gpu_avg_L2_WH, = 0
gpu_avg_L2_WM, = 36.6042
gpu_avg_NOC_A, = 2461.65
gpu_avg_PIPE_A, = 0.309304
gpu_avg_IDLE_CORE_N, = 1.58012
gpu_avg_CONST_DYNAMICN = 0

Kernel Maximum Power Data:
kernel_max_power = 106.101
gpu_max_IBP, = 0.0512654
gpu_max_ICP, = 0.448926
gpu_max_DCP, = 13.6821
gpu_max_TCP, = 0
gpu_max_CCP, = 1.58766
gpu_max_SHRDP, = 0
gpu_max_RFP, = 23.0172
gpu_max_SPP, = 15.9358
gpu_max_SFUP, = 11.4893
gpu_max_FPUP, = 0.610908
gpu_max_SCHEDP, = 0.743173
gpu_max_L2CP, = 4.79886
gpu_max_MCP, = 3.39523
gpu_max_NOCP, = 3.53907
gpu_max_DRAMP, = 0
gpu_max_PIPEP, = 16.9711
gpu_max_IDLE_COREP, = 0.00635954
gpu_max_CONST_DYNAMICP = 9.82366
gpu_max_TOT_INST, = 10132
gpu_max_FP_INT, = 9671
gpu_max_IC_H, = 5055
gpu_max_IC_M, = 0
gpu_max_DC_RH, = 3338
gpu_max_DC_RM, = 600
gpu_max_DC_WH, = 0
gpu_max_DC_WM, = 28
gpu_max_TC_H, = 0
gpu_max_TC_M, = 0
gpu_max_CC_H, = 878
gpu_max_CC_M, = 0
gpu_max_SHRD_ACC, = 0
gpu_max_REG_RD, = 292288
gpu_max_REG_WR, = 295968
gpu_max_NON_REG_OPs, = 236672
gpu_max_SP_ACC, = 4.224e+06
gpu_max_SFU_ACC, = 169728
gpu_max_FPU_ACC, = 14752
gpu_max_MEM_RD, = 0
gpu_max_MEM_WR, = 0
gpu_max_MEM_PRE, = 0
gpu_max_L2_RH, = 1222
gpu_max_L2_RM, = 0
gpu_max_L2_WH, = 0
gpu_max_L2_WM, = 0
gpu_max_NOC_A, = 1304
gpu_max_PIPE_A, = 0.666533
gpu_max_IDLE_CORE_N, = 0.00399971
gpu_max_CONST_DYNAMICN = 0

Kernel Minimum Power Data:
kernel_min_power = 18.7563
gpu_min_IBP, = 0.00972483
gpu_min_ICP, = 1.53694
gpu_min_DCP, = 0
gpu_min_TCP, = 0
gpu_min_CCP, = 0.616134
gpu_min_SHRDP, = 0
gpu_min_RFP, = 2.30728
gpu_min_SPP, = 0.857637
gpu_min_SFUP, = 0.641184
gpu_min_FPUP, = 0.0490317
gpu_min_SCHEDP, = 0.144854
gpu_min_L2CP, = 0.243763
gpu_min_MCP, = 1.31557
gpu_min_NOCP, = 0.265973
gpu_min_DRAMP, = 0.143166
gpu_min_PIPEP, = 0.753668
gpu_min_IDLE_COREP, = 0.0476996
gpu_min_CONST_DYNAMICP = 9.82366
gpu_min_TOT_INST, = 1922
gpu_min_FP_INT, = 1885
gpu_min_IC_H, = 481
gpu_min_IC_M, = 492
gpu_min_DC_RH, = 0
gpu_min_DC_RM, = 0
gpu_min_DC_WH, = 0
gpu_min_DC_WM, = 0
gpu_min_TC_H, = 0
gpu_min_TC_M, = 0
gpu_min_CC_H, = 0
gpu_min_CC_M, = 480
gpu_min_SHRD_ACC, = 0
gpu_min_REG_RD, = 10656
gpu_min_REG_WR, = 13024
gpu_min_NON_REG_OPs, = 28160
gpu_min_SP_ACC, = 227328
gpu_min_SFU_ACC, = 9472
gpu_min_FPU_ACC, = 1184
gpu_min_MEM_RD, = 4
gpu_min_MEM_WR, = 0
gpu_min_MEM_PRE, = 0
gpu_min_L2_RH, = 62
gpu_min_L2_RM, = 2
gpu_min_L2_WH, = 0
gpu_min_L2_WM, = 0
gpu_min_NOC_A, = 98
gpu_min_PIPE_A, = 0.0296
gpu_min_IDLE_CORE_N, = 0.0299997
gpu_min_CONST_DYNAMICN = 0

Accumulative Power Statistics Over Previous Kernels:
gpu_tot_avg_power = 63.3633
gpu_tot_max_power = 106.101
gpu_tot_min_power = 18.7563


