kernel_name = _Z22gpu_square_matrix_multPiS_S_i 
kernel_launch_uid = 1 

Kernel Average Power Data:
kernel_avg_power = 34.607
gpu_avg_IBP, = 0.000728604
gpu_avg_ICP, = 0.0339701
gpu_avg_DCP, = 0.00698928
gpu_avg_TCP, = 0
gpu_avg_CCP, = 0.00684593
gpu_avg_SHRDP, = 0.134515
gpu_avg_RFP, = 0.271685
gpu_avg_SPP, = 0.130706
gpu_avg_SFUP, = 0.240985
gpu_avg_FPUP, = 0
gpu_avg_SCHEDP, = 0.0102973
gpu_avg_L2CP, = 0.0176978
gpu_avg_MCP, = 1.1904
gpu_avg_NOCP, = 0.0352822
gpu_avg_DRAMP, = 0.202818
gpu_avg_PIPEP, = 0.239906
gpu_avg_IDLE_COREP, = 22.2605
gpu_avg_CONST_DYNAMICP = 9.82366
gpu_avg_TOT_INST, = 144
gpu_avg_FP_INT, = 134
gpu_avg_IC_H, = 63.3333
gpu_avg_IC_M, = 9.33333
gpu_avg_DC_RH, = 1
gpu_avg_DC_RM, = 0.666667
gpu_avg_DC_WH, = 0
gpu_avg_DC_WM, = 0.666667
gpu_avg_TC_H, = 0
gpu_avg_TC_M, = 0
gpu_avg_CC_H, = 0
gpu_avg_CC_M, = 5.33333
gpu_avg_SHRD_ACC, = 45.3333
gpu_avg_REG_RD, = 6080
gpu_avg_REG_WR, = 4069.33
gpu_avg_NON_REG_OPs, = 2368
gpu_avg_SP_ACC, = 34645.3
gpu_avg_SFU_ACC, = 3560
gpu_avg_FPU_ACC, = 0
gpu_avg_MEM_RD, = 5.66667
gpu_avg_MEM_WR, = 0
gpu_avg_MEM_PRE, = 0
gpu_avg_L2_RH, = 2.66667
gpu_avg_L2_RM, = 1.5
gpu_avg_L2_WH, = 0
gpu_avg_L2_WM, = 0.333333
gpu_avg_NOC_A, = 13
gpu_avg_PIPE_A, = 0.00942222
gpu_avg_IDLE_CORE_N, = 14.0003
gpu_avg_CONST_DYNAMICN = 0

Kernel Maximum Power Data:
kernel_max_power = 35.0147
gpu_max_IBP, = 0.00109291
gpu_max_ICP, = 0.0446147
gpu_max_DCP, = 0
gpu_max_TCP, = 0
gpu_max_CCP, = 0
gpu_max_SHRDP, = 0.023738
gpu_max_RFP, = 0.275436
gpu_max_SPP, = 0.355417
gpu_max_SFUP, = 0.242069
gpu_max_FPUP, = 0
gpu_max_SCHEDP, = 0.0153691
gpu_max_L2CP, = 0.000142859
gpu_max_MCP, = 1.1957
gpu_max_NOCP, = 0.0325681
gpu_max_DRAMP, = 0.357915
gpu_max_PIPEP, = 0.387018
gpu_max_IDLE_COREP, = 22.26
gpu_max_CONST_DYNAMICP = 9.82366
gpu_max_TOT_INST, = 216
gpu_max_FP_INT, = 200
gpu_max_IC_H, = 92
gpu_max_IC_M, = 12
gpu_max_DC_RH, = 0
gpu_max_DC_RM, = 0
gpu_max_DC_WH, = 0
gpu_max_DC_WM, = 0
gpu_max_TC_H, = 0
gpu_max_TC_M, = 0
gpu_max_CC_H, = 0
gpu_max_CC_M, = 0
gpu_max_SHRD_ACC, = 8
gpu_max_REG_RD, = 8704
gpu_max_REG_WR, = 6432
gpu_max_NON_REG_OPs, = 1792
gpu_max_SP_ACC, = 94208
gpu_max_SFU_ACC, = 3576
gpu_max_FPU_ACC, = 0
gpu_max_MEM_RD, = 10
gpu_max_MEM_WR, = 0
gpu_max_MEM_PRE, = 0
gpu_max_L2_RH, = 0
gpu_max_L2_RM, = 1
gpu_max_L2_WH, = 0
gpu_max_L2_WM, = 0
gpu_max_NOC_A, = 12
gpu_max_PIPE_A, = 0.0152
gpu_max_IDLE_CORE_N, = 14
gpu_max_CONST_DYNAMICN = 0

Kernel Minimum Power Data:
kernel_min_power = 34.189
gpu_min_IBP, = 0.000566692
gpu_min_ICP, = 0.0164109
gpu_min_DCP, = 0.0099675
gpu_min_TCP, = 0
gpu_min_CCP, = 0
gpu_min_SHRDP, = 0
gpu_min_RFP, = 0.109239
gpu_min_SPP, = 0.135213
gpu_min_SFUP, = 0.0606525
gpu_min_FPUP, = 0
gpu_min_SCHEDP, = 0.00645502
gpu_min_L2CP, = 0.0423538
gpu_min_MCP, = 1.19644
gpu_min_NOCP, = 0.0651363
gpu_min_DRAMP, = 0.286332
gpu_min_PIPEP, = 0.176535
gpu_min_IDLE_COREP, = 22.26
gpu_min_CONST_DYNAMICP = 9.82366
gpu_min_TOT_INST, = 112
gpu_min_FP_INT, = 84
gpu_min_IC_H, = 48
gpu_min_IC_M, = 4
gpu_min_DC_RH, = 0
gpu_min_DC_RM, = 0
gpu_min_DC_WH, = 0
gpu_min_DC_WM, = 4
gpu_min_TC_H, = 0
gpu_min_TC_M, = 0
gpu_min_CC_H, = 0
gpu_min_CC_M, = 0
gpu_min_SHRD_ACC, = 0
gpu_min_REG_RD, = 4224
gpu_min_REG_WR, = 2240
gpu_min_NON_REG_OPs, = 640
gpu_min_SP_ACC, = 35840
gpu_min_SFU_ACC, = 896
gpu_min_FPU_ACC, = 0
gpu_min_MEM_RD, = 8
gpu_min_MEM_WR, = 0
gpu_min_MEM_PRE, = 0
gpu_min_L2_RH, = 0
gpu_min_L2_RM, = 2
gpu_min_L2_WH, = 0
gpu_min_L2_WM, = 2
gpu_min_NOC_A, = 24
gpu_min_PIPE_A, = 0.00693333
gpu_min_IDLE_CORE_N, = 14
gpu_min_CONST_DYNAMICN = 0

Accumulative Power Statistics Over Previous Kernels:
gpu_tot_avg_power = 34.607
gpu_tot_max_power = 35.0147
gpu_tot_min_power = 34.189


