kernel_name = _Z22gpu_square_matrix_multPiS_S_i 
kernel_launch_uid = 1 

Kernel Average Power Data:
kernel_avg_power = 127.812
gpu_avg_IBP, = 0.0522451
gpu_avg_ICP, = 0.463471
gpu_avg_DCP, = 1.57211
gpu_avg_TCP, = 0
gpu_avg_CCP, = 0.0325616
gpu_avg_SHRDP, = 14.5951
gpu_avg_RFP, = 21.0208
gpu_avg_SPP, = 3.16109
gpu_avg_SFUP, = 22.7587
gpu_avg_FPUP, = 0
gpu_avg_SCHEDP, = 0.736505
gpu_avg_L2CP, = 6.03332
gpu_avg_MCP, = 2.59696
gpu_avg_NOCP, = 7.12396
gpu_avg_DRAMP, = 20.3046
gpu_avg_PIPEP, = 17.2737
gpu_avg_IDLE_COREP, = 0.263517
gpu_avg_CONST_DYNAMICP = 9.82366
gpu_avg_TOT_INST, = 10325.6
gpu_avg_FP_INT, = 9584.23
gpu_avg_IC_H, = 5161.13
gpu_avg_IC_M, = 1.68598
gpu_avg_DC_RH, = 60.9989
gpu_avg_DC_RM, = 517.685
gpu_avg_DC_WH, = 0
gpu_avg_DC_WM, = 9.02428
gpu_avg_TC_H, = 0
gpu_avg_TC_M, = 0
gpu_avg_CC_H, = 17.819
gpu_avg_CC_M, = 0.264901
gpu_avg_SHRD_ACC, = 4918.73
gpu_avg_REG_RD, = 483767
gpu_avg_REG_WR, = 297954
gpu_avg_NON_REG_OPs, = 183295
gpu_avg_SP_ACC, = 837890
gpu_avg_SFU_ACC, = 336207
gpu_avg_FPU_ACC, = 0
gpu_avg_MEM_RD, = 564.021
gpu_avg_MEM_WR, = 0
gpu_avg_MEM_PRE, = 19.8179
gpu_avg_L2_RH, = 1507
gpu_avg_L2_RM, = 141.006
gpu_avg_L2_WH, = 0
gpu_avg_L2_WM, = 4.52097
gpu_avg_NOC_A, = 2624.88
gpu_avg_PIPE_A, = 0.67842
gpu_avg_IDLE_CORE_N, = 0.165734
gpu_avg_CONST_DYNAMICN = 0

Kernel Maximum Power Data:
kernel_max_power = 148.352
gpu_max_IBP, = 0.0546857
gpu_max_ICP, = 0.47992
gpu_max_DCP, = 2.06443
gpu_max_TCP, = 0
gpu_max_CCP, = 0.092222
gpu_max_SHRDP, = 13.7324
gpu_max_RFP, = 21.238
gpu_max_SPP, = 4.41567
gpu_max_SFUP, = 21.8349
gpu_max_FPUP, = 0
gpu_max_SCHEDP, = 0.762692
gpu_max_L2CP, = 7.81068
gpu_max_MCP, = 3.51001
gpu_max_NOCP, = 9.62932
gpu_max_DRAMP, = 34.9851
gpu_max_PIPEP, = 17.9183
gpu_max_IDLE_COREP, = 0
gpu_max_CONST_DYNAMICP = 9.82366
gpu_max_TOT_INST, = 10808
gpu_max_FP_INT, = 9925
gpu_max_IC_H, = 5404
gpu_max_IC_M, = 0
gpu_max_DC_RH, = 48
gpu_max_DC_RM, = 721
gpu_max_DC_WH, = 0
gpu_max_DC_WM, = 16
gpu_max_TC_H, = 0
gpu_max_TC_M, = 0
gpu_max_CC_H, = 51
gpu_max_CC_M, = 0
gpu_max_SHRD_ACC, = 4628
gpu_max_REG_RD, = 488512
gpu_max_REG_WR, = 303936
gpu_max_NON_REG_OPs, = 184896
gpu_max_SP_ACC, = 1.17043e+06
gpu_max_SFU_ACC, = 322560
gpu_max_FPU_ACC, = 0
gpu_max_MEM_RD, = 973
gpu_max_MEM_WR, = 0
gpu_max_MEM_PRE, = 27
gpu_max_L2_RH, = 1894
gpu_max_L2_RM, = 254
gpu_max_L2_WH, = 0
gpu_max_L2_WM, = 16
gpu_max_NOC_A, = 3548
gpu_max_PIPE_A, = 0.703734
gpu_max_IDLE_CORE_N, = 0
gpu_max_CONST_DYNAMICN = 0

Kernel Minimum Power Data:
kernel_min_power = 15.369
gpu_min_IBP, = 0.00885456
gpu_min_ICP, = 1.49589
gpu_min_DCP, = 0
gpu_min_TCP, = 0
gpu_min_CCP, = 0.616134
gpu_min_SHRDP, = 0
gpu_min_RFP, = 1.23769
gpu_min_SPP, = 0.0347691
gpu_min_SFUP, = 0
gpu_min_FPUP, = 0
gpu_min_SCHEDP, = 0.134403
gpu_min_L2CP, = 0.243763
gpu_min_MCP, = 1.31557
gpu_min_NOCP, = 0.246975
gpu_min_DRAMP, = 0.143166
gpu_min_PIPEP, = 0.0203694
gpu_min_IDLE_COREP, = 0.0476996
gpu_min_CONST_DYNAMICP = 9.82366
gpu_min_TOT_INST, = 1750
gpu_min_FP_INT, = 1749
gpu_min_IC_H, = 395
gpu_min_IC_M, = 481
gpu_min_DC_RH, = 0
gpu_min_DC_RM, = 0
gpu_min_DC_WH, = 0
gpu_min_DC_WM, = 0
gpu_min_TC_H, = 0
gpu_min_TC_M, = 0
gpu_min_CC_H, = 0
gpu_min_CC_M, = 480
gpu_min_SHRD_ACC, = 0
gpu_min_REG_RD, = 224
gpu_min_REG_WR, = 352
gpu_min_NON_REG_OPs, = 16608
gpu_min_SP_ACC, = 9216
gpu_min_SFU_ACC, = 0
gpu_min_FPU_ACC, = 0
gpu_min_MEM_RD, = 4
gpu_min_MEM_WR, = 0
gpu_min_MEM_PRE, = 0
gpu_min_L2_RH, = 62
gpu_min_L2_RM, = 2
gpu_min_L2_WH, = 0
gpu_min_L2_WM, = 0
gpu_min_NOC_A, = 91
gpu_min_PIPE_A, = 0.0008
gpu_min_IDLE_CORE_N, = 0.0299997
gpu_min_CONST_DYNAMICN = 0

Accumulative Power Statistics Over Previous Kernels:
gpu_tot_avg_power = 127.812
gpu_tot_max_power = 148.352
gpu_tot_min_power = 15.369


