kernel_name = _Z22gpu_square_matrix_multPiS_S_i 
kernel_launch_uid = 1 

Kernel Average Power Data:
kernel_avg_power = 80.3157
gpu_avg_IBP, = 0.0372552
gpu_avg_ICP, = 0.504545
gpu_avg_DCP, = 1.19588
gpu_avg_TCP, = 0
gpu_avg_CCP, = 0.0821788
gpu_avg_SHRDP, = 9.83883
gpu_avg_RFP, = 14.7951
gpu_avg_SPP, = 2.87277
gpu_avg_SFUP, = 15.7383
gpu_avg_FPUP, = 0
gpu_avg_SCHEDP, = 0.524599
gpu_avg_L2CP, = 4.42773
gpu_avg_MCP, = 1.42493
gpu_avg_NOCP, = 3.86934
gpu_avg_DRAMP, = 0.028974
gpu_avg_PIPEP, = 12.3117
gpu_avg_IDLE_COREP, = 2.83989
gpu_avg_CONST_DYNAMICP = 9.82366
gpu_avg_TOT_INST, = 7363.05
gpu_avg_FP_INT, = 6826.67
gpu_avg_IC_H, = 3621.29
gpu_avg_IC_M, = 60.2381
gpu_avg_DC_RH, = 127.381
gpu_avg_DC_RM, = 262.714
gpu_avg_DC_WH, = 0
gpu_avg_DC_WM, = 24.381
gpu_avg_TC_H, = 0
gpu_avg_TC_M, = 0
gpu_avg_CC_H, = 37.3333
gpu_avg_CC_M, = 11.4286
gpu_avg_SHRD_ACC, = 3315.81
gpu_avg_REG_RD, = 340163
gpu_avg_REG_WR, = 209112
gpu_avg_NON_REG_OPs, = 129122
gpu_avg_SP_ACC, = 761466
gpu_avg_SFU_ACC, = 232497
gpu_avg_FPU_ACC, = 0
gpu_avg_MEM_RD, = 0.809524
gpu_avg_MEM_WR, = 0
gpu_avg_MEM_PRE, = 0
gpu_avg_L2_RH, = 1062.19
gpu_avg_L2_RM, = 0.214286
gpu_avg_L2_WH, = 0
gpu_avg_L2_WM, = 12.1905
gpu_avg_NOC_A, = 1425.69
gpu_avg_PIPE_A, = 0.483537
gpu_avg_IDLE_CORE_N, = 1.7861
gpu_avg_CONST_DYNAMICN = 0

Kernel Maximum Power Data:
kernel_max_power = 107.765
gpu_max_IBP, = 0.0540685
gpu_max_ICP, = 0.522562
gpu_max_DCP, = 2.20341
gpu_max_TCP, = 0
gpu_max_CCP, = 0
gpu_max_SHRDP, = 14.9342
gpu_max_RFP, = 21.3648
gpu_max_SPP, = 3.27602
gpu_max_SFUP, = 23.2732
gpu_max_FPUP, = 0
gpu_max_SCHEDP, = 0.758235
gpu_max_L2CP, = 6.5544
gpu_max_MCP, = 1.56834
gpu_max_NOCP, = 5.50673
gpu_max_DRAMP, = 0
gpu_max_PIPEP, = 17.9251
gpu_max_IDLE_COREP, = 0
gpu_max_CONST_DYNAMICP = 9.82366
gpu_max_TOT_INST, = 10686
gpu_max_FP_INT, = 9867
gpu_max_IC_H, = 5337
gpu_max_IC_M, = 16
gpu_max_DC_RH, = 315
gpu_max_DC_RM, = 399
gpu_max_DC_WH, = 0
gpu_max_DC_WM, = 16
gpu_max_TC_H, = 0
gpu_max_TC_M, = 0
gpu_max_CC_H, = 0
gpu_max_CC_M, = 0
gpu_max_SHRD_ACC, = 5033
gpu_max_REG_RD, = 499648
gpu_max_REG_WR, = 298176
gpu_max_NON_REG_OPs, = 185728
gpu_max_SP_ACC, = 868352
gpu_max_SFU_ACC, = 343808
gpu_max_FPU_ACC, = 0
gpu_max_MEM_RD, = 0
gpu_max_MEM_WR, = 0
gpu_max_MEM_PRE, = 0
gpu_max_L2_RH, = 1669
gpu_max_L2_RM, = 1
gpu_max_L2_WH, = 0
gpu_max_L2_WM, = 0
gpu_max_NOC_A, = 2029
gpu_max_PIPE_A, = 0.704
gpu_max_IDLE_CORE_N, = 0
gpu_max_CONST_DYNAMICN = 0

Kernel Minimum Power Data:
kernel_min_power = 16.3223
gpu_min_IBP, = 0.00852061
gpu_min_ICP, = 1.52637
gpu_min_DCP, = 0
gpu_min_TCP, = 0
gpu_min_CCP, = 0.616134
gpu_min_SHRDP, = 0
gpu_min_RFP, = 1.5303
gpu_min_SPP, = 0.417229
gpu_min_SFUP, = 0
gpu_min_FPUP, = 0
gpu_min_SCHEDP, = 0.128486
gpu_min_L2CP, = 0.243906
gpu_min_MCP, = 1.31557
gpu_min_NOCP, = 0.276829
gpu_min_DRAMP, = 0.143166
gpu_min_PIPEP, = 0.244433
gpu_min_IDLE_COREP, = 0.0476996
gpu_min_CONST_DYNAMICP = 9.82366
gpu_min_TOT_INST, = 1684
gpu_min_FP_INT, = 1672
gpu_min_IC_H, = 362
gpu_min_IC_M, = 492
gpu_min_DC_RH, = 0
gpu_min_DC_RM, = 0
gpu_min_DC_WH, = 0
gpu_min_DC_WM, = 0
gpu_min_TC_H, = 0
gpu_min_TC_M, = 0
gpu_min_CC_H, = 0
gpu_min_CC_M, = 480
gpu_min_SHRD_ACC, = 0
gpu_min_REG_RD, = 2688
gpu_min_REG_WR, = 4224
gpu_min_NON_REG_OPs, = 19776
gpu_min_SP_ACC, = 110592
gpu_min_SFU_ACC, = 0
gpu_min_FPU_ACC, = 0
gpu_min_MEM_RD, = 4
gpu_min_MEM_WR, = 0
gpu_min_MEM_PRE, = 0
gpu_min_L2_RH, = 62
gpu_min_L2_RM, = 3
gpu_min_L2_WH, = 0
gpu_min_L2_WM, = 0
gpu_min_NOC_A, = 102
gpu_min_PIPE_A, = 0.0096
gpu_min_IDLE_CORE_N, = 0.0299997
gpu_min_CONST_DYNAMICN = 0

Accumulative Power Statistics Over Previous Kernels:
gpu_tot_avg_power = 80.3157
gpu_tot_max_power = 107.765
gpu_tot_min_power = 16.3223


