kernel_name = _Z22gpu_square_matrix_multPiS_S_i 
kernel_launch_uid = 1 

Kernel Average Power Data:
kernel_avg_power = 39.6393
gpu_avg_IBP, = 0.0149884
gpu_avg_ICP, = 0.345073
gpu_avg_DCP, = 0.459489
gpu_avg_TCP, = 0
gpu_avg_CCP, = 0.0481428
gpu_avg_SHRDP, = 3.68956
gpu_avg_RFP, = 5.87821
gpu_avg_SPP, = 1.44816
gpu_avg_SFUP, = 6.09991
gpu_avg_FPUP, = 0
gpu_avg_SCHEDP, = 0.210776
gpu_avg_L2CP, = 2.04934
gpu_avg_MCP, = 1.29018
gpu_avg_NOCP, = 1.80618
gpu_avg_DRAMP, = 0.0869221
gpu_avg_PIPEP, = 5.02081
gpu_avg_IDLE_COREP, = 1.36785
gpu_avg_CONST_DYNAMICP = 9.82366
gpu_avg_TOT_INST, = 2962.29
gpu_avg_FP_INT, = 2742.86
gpu_avg_IC_H, = 1408.71
gpu_avg_IC_M, = 72.4286
gpu_avg_DC_RH, = 36.5714
gpu_avg_DC_RM, = 109.714
gpu_avg_DC_WH, = 0
gpu_avg_DC_WM, = 18.2857
gpu_avg_TC_H, = 0
gpu_avg_TC_M, = 0
gpu_avg_CC_H, = 2.28571
gpu_avg_CC_M, = 34.2857
gpu_avg_SHRD_ACC, = 1243.43
gpu_avg_REG_RD, = 134583
gpu_avg_REG_WR, = 84662.9
gpu_avg_NON_REG_OPs, = 51200
gpu_avg_SP_ACC, = 383854
gpu_avg_SFU_ACC, = 90112
gpu_avg_FPU_ACC, = 0
gpu_avg_MEM_RD, = 2.42857
gpu_avg_MEM_WR, = 0
gpu_avg_MEM_PRE, = 0
gpu_avg_L2_RH, = 472.857
gpu_avg_L2_RM, = 0.642857
gpu_avg_L2_WH, = 0
gpu_avg_L2_WM, = 9.14286
gpu_avg_NOC_A, = 665.5
gpu_avg_PIPE_A, = 0.19719
gpu_avg_IDLE_CORE_N, = 0.860286
gpu_avg_CONST_DYNAMICN = 0

Kernel Maximum Power Data:
kernel_max_power = 56.3532
gpu_max_IBP, = 0.025997
gpu_max_ICP, = 0.228504
gpu_max_DCP, = 0
gpu_max_TCP, = 0
gpu_max_CCP, = 0
gpu_max_SHRDP, = 9.91654
gpu_max_RFP, = 11.9389
gpu_max_SPP, = 0.123623
gpu_max_SFUP, = 13.7421
gpu_max_FPUP, = 0
gpu_max_SCHEDP, = 0.38953
gpu_max_L2CP, = 0
gpu_max_MCP, = 1.17634
gpu_max_NOCP, = 0.629651
gpu_max_DRAMP, = 0
gpu_max_PIPEP, = 8.35824
gpu_max_IDLE_COREP, = 0
gpu_max_CONST_DYNAMICP = 9.82366
gpu_max_TOT_INST, = 5138
gpu_max_FP_INT, = 5069
gpu_max_IC_H, = 2573
gpu_max_IC_M, = 0
gpu_max_DC_RH, = 0
gpu_max_DC_RM, = 0
gpu_max_DC_WH, = 0
gpu_max_DC_WM, = 0
gpu_max_TC_H, = 0
gpu_max_TC_M, = 0
gpu_max_CC_H, = 0
gpu_max_CC_M, = 0
gpu_max_SHRD_ACC, = 3342
gpu_max_REG_RD, = 263072
gpu_max_REG_WR, = 156000
gpu_max_NON_REG_OPs, = 107200
gpu_max_SP_ACC, = 32768
gpu_max_SFU_ACC, = 203008
gpu_max_FPU_ACC, = 0
gpu_max_MEM_RD, = 0
gpu_max_MEM_WR, = 0
gpu_max_MEM_PRE, = 0
gpu_max_L2_RH, = 0
gpu_max_L2_RM, = 0
gpu_max_L2_WH, = 0
gpu_max_L2_WM, = 0
gpu_max_NOC_A, = 232
gpu_max_PIPE_A, = 0.328267
gpu_max_IDLE_CORE_N, = 0
gpu_max_CONST_DYNAMICN = 0

Kernel Minimum Power Data:
kernel_min_power = 24.446
gpu_min_IBP, = 0.00981591
gpu_min_ICP, = 0.82796
gpu_min_DCP, = 0
gpu_min_TCP, = 0
gpu_min_CCP, = 0.616134
gpu_min_SHRDP, = 0
gpu_min_RFP, = 4.32948
gpu_min_SPP, = 4.17229
gpu_min_SFUP, = 0
gpu_min_FPUP, = 0
gpu_min_SCHEDP, = 0.139859
gpu_min_L2CP, = 0.291031
gpu_min_MCP, = 1.31557
gpu_min_NOCP, = 0.284971
gpu_min_DRAMP, = 0.143166
gpu_min_PIPEP, = 2.44433
gpu_min_IDLE_COREP, = 0.0476996
gpu_min_CONST_DYNAMICP = 9.82366
gpu_min_TOT_INST, = 1940
gpu_min_FP_INT, = 1820
gpu_min_IC_H, = 842
gpu_min_IC_M, = 248
gpu_min_DC_RH, = 0
gpu_min_DC_RM, = 0
gpu_min_DC_WH, = 0
gpu_min_DC_WM, = 0
gpu_min_TC_H, = 0
gpu_min_TC_M, = 0
gpu_min_CC_H, = 0
gpu_min_CC_M, = 480
gpu_min_SHRD_ACC, = 0
gpu_min_REG_RD, = 26880
gpu_min_REG_WR, = 41376
gpu_min_NON_REG_OPs, = 49984
gpu_min_SP_ACC, = 1.10592e+06
gpu_min_SFU_ACC, = 0
gpu_min_FPU_ACC, = 0
gpu_min_MEM_RD, = 4
gpu_min_MEM_WR, = 0
gpu_min_MEM_PRE, = 0
gpu_min_L2_RH, = 74
gpu_min_L2_RM, = 3
gpu_min_L2_WH, = 0
gpu_min_L2_WM, = 0
gpu_min_NOC_A, = 105
gpu_min_PIPE_A, = 0.096
gpu_min_IDLE_CORE_N, = 0.0299997
gpu_min_CONST_DYNAMICN = 0

Accumulative Power Statistics Over Previous Kernels:
gpu_tot_avg_power = 39.6393
gpu_tot_max_power = 56.3532
gpu_tot_min_power = 24.446


