kernel_name = _Z11ConvolutionPfS_S_iiiiii 
kernel_launch_uid = 1 

Kernel Average Power Data:
kernel_avg_power = 42.8253
gpu_avg_IBP, = 0.0070037
gpu_avg_ICP, = 0.287518
gpu_avg_DCP, = 2.92374
gpu_avg_TCP, = 0
gpu_avg_CCP, = 0.0627221
gpu_avg_SHRDP, = 0.867623
gpu_avg_RFP, = 3.05255
gpu_avg_SPP, = 0.958877
gpu_avg_SFUP, = 0.489877
gpu_avg_FPUP, = 0.363332
gpu_avg_SCHEDP, = 0.102527
gpu_avg_L2CP, = 0.550073
gpu_avg_MCP, = 1.80072
gpu_avg_NOCP, = 1.58254
gpu_avg_DRAMP, = 0.122876
gpu_avg_PIPEP, = 2.3384
gpu_avg_IDLE_COREP, = 17.4913
gpu_avg_CONST_DYNAMICP = 9.82366
gpu_avg_TOT_INST, = 1384.2
gpu_avg_FP_INT, = 1334.2
gpu_avg_IC_H, = 621.4
gpu_avg_IC_M, = 76.5
gpu_avg_DC_RH, = 620.5
gpu_avg_DC_RM, = 18.4
gpu_avg_DC_WH, = 0
gpu_avg_DC_WM, = 253.8
gpu_avg_TC_H, = 0
gpu_avg_TC_M, = 0
gpu_avg_CC_H, = 25.6
gpu_avg_CC_M, = 12.8
gpu_avg_SHRD_ACC, = 292.4
gpu_avg_REG_RD, = 61776
gpu_avg_REG_WR, = 35644.8
gpu_avg_NON_REG_OPs, = 28640
gpu_avg_SP_ACC, = 254163
gpu_avg_SFU_ACC, = 7236.8
gpu_avg_FPU_ACC, = 8773.6
gpu_avg_MEM_RD, = 3.4
gpu_avg_MEM_WR, = 0
gpu_avg_MEM_PRE, = 0.2
gpu_avg_L2_RH, = 83.8
gpu_avg_L2_RM, = 0.9
gpu_avg_L2_WH, = 0
gpu_avg_L2_WM, = 10.5
gpu_avg_NOC_A, = 583.1
gpu_avg_PIPE_A, = 0.0918399
gpu_avg_IDLE_CORE_N, = 11.0008
gpu_avg_CONST_DYNAMICN = 0

Kernel Maximum Power Data:
kernel_max_power = 54.8243
gpu_max_IBP, = 0.0134083
gpu_max_ICP, = 0.241319
gpu_max_DCP, = 3.05664
gpu_max_TCP, = 0
gpu_max_CCP, = 0.462918
gpu_max_SHRDP, = 0.023738
gpu_max_RFP, = 6.29714
gpu_max_SPP, = 4.36738
gpu_max_SFUP, = 3.08678
gpu_max_FPUP, = 0.159022
gpu_max_SCHEDP, = 0.193804
gpu_max_L2CP, = 1.93225
gpu_max_MCP, = 1.6905
gpu_max_NOCP, = 0.928192
gpu_max_DRAMP, = 0.226599
gpu_max_PIPEP, = 4.83092
gpu_max_IDLE_COREP, = 17.49
gpu_max_CONST_DYNAMICP = 9.82366
gpu_max_TOT_INST, = 2650
gpu_max_FP_INT, = 2522
gpu_max_IC_H, = 1281
gpu_max_IC_M, = 42
gpu_max_DC_RH, = 760
gpu_max_DC_RM, = 120
gpu_max_DC_WH, = 0
gpu_max_DC_WM, = 0
gpu_max_TC_H, = 0
gpu_max_TC_M, = 0
gpu_max_CC_H, = 256
gpu_max_CC_M, = 0
gpu_max_SHRD_ACC, = 8
gpu_max_REG_RD, = 78400
gpu_max_REG_WR, = 82144
gpu_max_NON_REG_OPs, = 64832
gpu_max_SP_ACC, = 1.15763e+06
gpu_max_SFU_ACC, = 45600
gpu_max_FPU_ACC, = 3840
gpu_max_MEM_RD, = 6
gpu_max_MEM_WR, = 0
gpu_max_MEM_PRE, = 2
gpu_max_L2_RH, = 492
gpu_max_L2_RM, = 1
gpu_max_L2_WH, = 0
gpu_max_L2_WM, = 0
gpu_max_NOC_A, = 342
gpu_max_PIPE_A, = 0.189733
gpu_max_IDLE_CORE_N, = 11
gpu_max_CONST_DYNAMICN = 0

Kernel Minimum Power Data:
kernel_min_power = 30.5001
gpu_min_IBP, = 0.0024894
gpu_min_ICP, = 0.40833
gpu_min_DCP, = 0
gpu_min_TCP, = 0
gpu_min_CCP, = 0.164302
gpu_min_SHRDP, = 0
gpu_min_RFP, = 0.559973
gpu_min_SPP, = 0.185435
gpu_min_SFUP, = 0.138634
gpu_min_FPUP, = 0.0106014
gpu_min_SCHEDP, = 0.0371932
gpu_min_L2CP, = 0.0709727
gpu_min_MCP, = 1.21915
gpu_min_NOCP, = 0.0705643
gpu_min_DRAMP, = 0.143166
gpu_min_PIPEP, = 0.162955
gpu_min_IDLE_COREP, = 17.5027
gpu_min_CONST_DYNAMICP = 9.82366
gpu_min_TOT_INST, = 492
gpu_min_FP_INT, = 484
gpu_min_IC_H, = 118
gpu_min_IC_M, = 131
gpu_min_DC_RH, = 0
gpu_min_DC_RM, = 0
gpu_min_DC_WH, = 0
gpu_min_DC_WM, = 0
gpu_min_TC_H, = 0
gpu_min_TC_M, = 0
gpu_min_CC_H, = 0
gpu_min_CC_M, = 128
gpu_min_SHRD_ACC, = 0
gpu_min_REG_RD, = 2304
gpu_min_REG_WR, = 2816
gpu_min_NON_REG_OPs, = 6912
gpu_min_SP_ACC, = 49152
gpu_min_SFU_ACC, = 2048
gpu_min_FPU_ACC, = 256
gpu_min_MEM_RD, = 4
gpu_min_MEM_WR, = 0
gpu_min_MEM_PRE, = 0
gpu_min_L2_RH, = 18
gpu_min_L2_RM, = 2
gpu_min_L2_WH, = 0
gpu_min_L2_WM, = 0
gpu_min_NOC_A, = 26
gpu_min_PIPE_A, = 0.0064
gpu_min_IDLE_CORE_N, = 11.008
gpu_min_CONST_DYNAMICN = 0

Accumulative Power Statistics Over Previous Kernels:
gpu_tot_avg_power = 42.8253
gpu_tot_max_power = 54.8243
gpu_tot_min_power = 30.5001


